0 info it worked if it ends with ok
1 verbose cli [ '/usr/local/bin/node',
1 verbose cli   '/usr/local/bin/npm',
1 verbose cli   'install',
1 verbose cli   '--save-dev',
1 verbose cli   'grunt-add',
1 verbose cli   'grunt-.' ]
2 info using npm@2.14.20
3 info using node@v4.4.0
4 verbose install initial load of /Applications/MAMP/htdocs/uxclinic/package.json
5 verbose readDependencies loading dependencies from /Applications/MAMP/htdocs/uxclinic/package.json
6 silly cache add args [ 'grunt-add', null ]
7 verbose cache add spec grunt-add
8 silly cache add args [ 'grunt-.', null ]
9 verbose cache add spec grunt-.
10 silly cache add parsed spec Result {
10 silly cache add   raw: 'grunt-add',
10 silly cache add   scope: null,
10 silly cache add   name: 'grunt-add',
10 silly cache add   rawSpec: '',
10 silly cache add   spec: 'latest',
10 silly cache add   type: 'tag' }
11 silly addNamed grunt-add@latest
12 verbose addNamed "latest" is being treated as a dist-tag for grunt-add
13 info addNameTag [ 'grunt-add', 'latest' ]
14 silly mapToRegistry name grunt-add
15 silly mapToRegistry using default registry
16 silly mapToRegistry registry https://registry.npmjs.org/
17 silly mapToRegistry uri https://registry.npmjs.org/grunt-add
18 verbose addNameTag registry:https://registry.npmjs.org/grunt-add not in flight; fetching
19 silly cache add parsed spec Result {
19 silly cache add   raw: 'grunt-.',
19 silly cache add   scope: null,
19 silly cache add   name: 'grunt-.',
19 silly cache add   rawSpec: '',
19 silly cache add   spec: 'latest',
19 silly cache add   type: 'tag' }
20 silly addNamed grunt-.@latest
21 verbose addNamed "latest" is being treated as a dist-tag for grunt-.
22 info addNameTag [ 'grunt-.', 'latest' ]
23 silly mapToRegistry name grunt-.
24 silly mapToRegistry using default registry
25 silly mapToRegistry registry https://registry.npmjs.org/
26 silly mapToRegistry uri https://registry.npmjs.org/grunt-.
27 verbose addNameTag registry:https://registry.npmjs.org/grunt-. not in flight; fetching
28 verbose request uri https://registry.npmjs.org/grunt-add
29 verbose request no auth needed
30 info attempt registry request try #1 at 2:33:12 PM
31 verbose request id cfc8432a29255ecc
32 http request GET https://registry.npmjs.org/grunt-add
33 verbose request uri https://registry.npmjs.org/grunt-.
34 verbose request no auth needed
35 info attempt registry request try #1 at 2:33:12 PM
36 http request GET https://registry.npmjs.org/grunt-.
37 http 404 https://registry.npmjs.org/grunt-add
38 verbose headers { 'content-type': 'application/json',
38 verbose headers   'cache-control': 'max-age=0',
38 verbose headers   'content-length': '2',
38 verbose headers   'accept-ranges': 'bytes',
38 verbose headers   date: 'Fri, 25 Mar 2016 21:33:12 GMT',
38 verbose headers   via: '1.1 varnish',
38 verbose headers   age: '0',
38 verbose headers   connection: 'keep-alive',
38 verbose headers   'x-served-by': 'cache-dfw1837-DFW',
38 verbose headers   'x-cache': 'MISS',
38 verbose headers   'x-cache-hits': '0',
38 verbose headers   'x-timer': 'S1458941592.467582,VS0,VE55' }
39 silly get cb [ 404,
39 silly get   { 'content-type': 'application/json',
39 silly get     'cache-control': 'max-age=0',
39 silly get     'content-length': '2',
39 silly get     'accept-ranges': 'bytes',
39 silly get     date: 'Fri, 25 Mar 2016 21:33:12 GMT',
39 silly get     via: '1.1 varnish',
39 silly get     age: '0',
39 silly get     connection: 'keep-alive',
39 silly get     'x-served-by': 'cache-dfw1837-DFW',
39 silly get     'x-cache': 'MISS',
39 silly get     'x-cache-hits': '0',
39 silly get     'x-timer': 'S1458941592.467582,VS0,VE55' } ]
40 http 404 https://registry.npmjs.org/grunt-.
41 verbose headers { 'content-type': 'application/json',
41 verbose headers   'cache-control': 'max-age=0',
41 verbose headers   'content-length': '2',
41 verbose headers   'accept-ranges': 'bytes',
41 verbose headers   date: 'Fri, 25 Mar 2016 21:33:12 GMT',
41 verbose headers   via: '1.1 varnish',
41 verbose headers   age: '0',
41 verbose headers   connection: 'keep-alive',
41 verbose headers   'x-served-by': 'cache-dfw1833-DFW',
41 verbose headers   'x-cache': 'MISS',
41 verbose headers   'x-cache-hits': '0',
41 verbose headers   'x-timer': 'S1458941592.473447,VS0,VE217' }
42 silly get cb [ 404,
42 silly get   { 'content-type': 'application/json',
42 silly get     'cache-control': 'max-age=0',
42 silly get     'content-length': '2',
42 silly get     'accept-ranges': 'bytes',
42 silly get     date: 'Fri, 25 Mar 2016 21:33:12 GMT',
42 silly get     via: '1.1 varnish',
42 silly get     age: '0',
42 silly get     connection: 'keep-alive',
42 silly get     'x-served-by': 'cache-dfw1833-DFW',
42 silly get     'x-cache': 'MISS',
42 silly get     'x-cache-hits': '0',
42 silly get     'x-timer': 'S1458941592.473447,VS0,VE217' } ]
43 verbose stack Error: Registry returned 404 for GET on https://registry.npmjs.org/grunt-add
43 verbose stack     at makeError (/usr/local/lib/node_modules/npm/node_modules/npm-registry-client/lib/request.js:264:12)
43 verbose stack     at CachingRegistryClient.<anonymous> (/usr/local/lib/node_modules/npm/node_modules/npm-registry-client/lib/request.js:242:14)
43 verbose stack     at Request._callback (/usr/local/lib/node_modules/npm/node_modules/npm-registry-client/lib/request.js:172:14)
43 verbose stack     at Request.self.callback (/usr/local/lib/node_modules/npm/node_modules/request/request.js:199:22)
43 verbose stack     at emitTwo (events.js:87:13)
43 verbose stack     at Request.emit (events.js:172:7)
43 verbose stack     at Request.<anonymous> (/usr/local/lib/node_modules/npm/node_modules/request/request.js:1036:10)
43 verbose stack     at emitOne (events.js:82:20)
43 verbose stack     at Request.emit (events.js:169:7)
43 verbose stack     at IncomingMessage.<anonymous> (/usr/local/lib/node_modules/npm/node_modules/request/request.js:963:12)
44 verbose statusCode 404
45 verbose pkgid grunt-add
46 verbose cwd /Applications/MAMP/htdocs/uxclinic
47 error Darwin 14.5.0
48 error argv "/usr/local/bin/node" "/usr/local/bin/npm" "install" "--save-dev" "grunt-add" "grunt-."
49 error node v4.4.0
50 error npm  v2.14.20
51 error code E404
52 error 404 Registry returned 404 for GET on https://registry.npmjs.org/grunt-add
52 error 404
52 error 404 'grunt-add' is not in the npm registry.
52 error 404 You should bug the author to publish it (or use the name yourself!)
52 error 404
52 error 404 Note that you can also install from a
52 error 404 tarball, folder, http url, or git url.
53 verbose exit [ 1, true ]
